[0;34m========================================[0m
[0;34m  快速部署付款凭证审核功能[0m
[0;34m========================================[0m

[1;33m步骤 1/7: 检查服务器连接...[0m
SSH 连接成功
[0;32m✓ SSH 连接成功[0m

[1;33m步骤 2/7: 在服务器上拉取代码...[0m
Already up to date.
From https://github.com/Zhouhui-design/chinahuib2b
 * branch            main       -> FETCH_HEAD

[1;33m步骤 3/7: 安装依赖...[0m

up to date, audited 646 packages in 5s

176 packages are looking for funding
  run `npm fund` for details

7 moderate severity vulnerabilities

To address all issues (including breaking changes), run:
  npm audit fix --force

Run `npm audit` for details.
[0;32m✓ 依赖安装成功[0m

[1;33m步骤 4/7: 运行数据库迁移...[0m
Datasource "db": PostgreSQL database "global_expo_dev", schema "public" at "localhost:5432"
Loaded Prisma config from prisma.config.ts.

Prisma schema loaded from prisma/schema.prisma.

3 migrations found in prisma/migrations


No pending migrations to apply.
[0;32m✓ 数据库迁移成功[0m

[1;33m步骤 5/7: 生成 Prisma Client...[0m
Loaded Prisma config from prisma.config.ts.

Prisma schema loaded from prisma/schema.prisma.

✔ Generated Prisma Client (v7.8.0) to ./node_modules/@prisma/client in 370ms

Start by importing your Prisma Client (See: https://pris.ly/d/importing-client)


[0;32m✓ Prisma Client 生成成功[0m

[1;33m步骤 6/7: 创建必要目录...[0m
[0;32m✓ 目录创建成功[0m

[1;33m步骤 7/7: 构建项目...[0m

> chinahuib2b@0.1.0 build
> NODE_OPTIONS='--no-experimental-require-module' next build

   ▲ Next.js 15.5.15
   - Environments: .env.local

   Creating an optimized production build ...
 ✓ Compiled successfully in 42s
   Skipping validation of types
   Skipping linting
   Collecting page data ...
[Error [PageNotFoundError]: Cannot find module for page: /favicon.ico] {
  code: 'ENOENT'
}
[Error [PageNotFoundError]: Cannot find module for page: /login] {
  code: 'ENOENT'
}

> Build error occurred
[Error: Failed to collect page data for /favicon.ico] { type: 'Error' }
[0;31m✗ 构建失败[0m
[1;33m查看构建日志:[0m
[TAILING] Tailing last 50 lines for [nextjs-app] process (change the value with --lines option)
client_loop: send disconnect: Broken pipe
